\BOOKMARK [0][-]{chapter.1}{\376\377\000I\000n\000t\000r\000o\000d\000u\000c\000t\000i\000o\000n}{}% \@@number {1}
\BOOKMARK [1][-]{section.1.1}{\376\377\000I\000n\000t\000r\000o\000d\000u\000c\000t\000i\000o\000n}{chapter.1}% \@@number {2}
\BOOKMARK [0][-]{chapter.2}{\376\377\000P\000r\000e\000v\000i\000o\000u\000s\000\040\000W\000o\000r\000k}{}% \@@number {3}
\BOOKMARK [1][-]{section.2.1}{\376\377\000P\000R\000E\000L\000I\000M\000I\000N\000A\000R\000Y\000\040\000A\000N\000D\000\040\000R\000E\000L\000A\000T\000E\000D\000\040\000W\000O\000R\000K}{chapter.2}% \@@number {4}
\BOOKMARK [2][-]{subsection.2.1.1}{\376\377\000R\000e\000l\000a\000t\000e\000d\000\040\000W\000o\000r\000k}{section.2.1}% \@@number {5}
\BOOKMARK [2][-]{subsection.2.1.2}{\376\377\000I\000n\000c\000r\000e\000m\000e\000n\000t\000a\000l\000\040\000F\000r\000e\000q\000u\000e\000n\000t\000\040\000I\000t\000e\000m\000s\000e\000t\000s\000\040\000M\000i\000n\000i\000n\000g}{section.2.1}% \@@number {6}
\BOOKMARK [2][-]{subsection.2.1.3}{\376\377\000P\000a\000r\000a\000l\000l\000e\000l\000\040\000F\000r\000e\000q\000u\000e\000n\000t\000\040\000I\000t\000e\000m\000s\000e\000t\000s\000\040\000m\000i\000n\000i\000n\000g}{section.2.1}% \@@number {7}
\BOOKMARK [2][-]{subsection.2.1.4}{\376\377\000I\000n\000c\000r\000e\000m\000e\000n\000t\000a\000l\000\040\000a\000n\000d\000\040\000P\000a\000r\000a\000l\000l\000e\000l\000\040\000F\000r\000e\000q\000u\000e\000n\000t\000\040\000i\000t\000e\000m\000s\000e\000t\000s\000\040\000m\000i\000n\000i\000n\000g}{section.2.1}% \@@number {8}
\BOOKMARK [0][-]{chapter.3}{\376\377\000I\000P\000F\000I\000M\000\040\000A\000l\000g\000o\000r\000i\000t\000h\000m}{}% \@@number {9}
\BOOKMARK [1][-]{section.3.1}{\376\377\000I\000P\000F\000I\000M\000\040\000-\000\040\000I\000n\000c\000r\000e\000m\000e\000n\000t\000a\000l\000\040\000P\000a\000r\000a\000l\000l\000e\000l\000\040\000F\000r\000e\000q\000u\000e\000n\000t\000\040\000I\000t\000e\000m\000s\000e\000t\000s\000\040\000M\000i\000n\000i\000n\000g}{chapter.3}% \@@number {10}
\BOOKMARK [2][-]{subsection.3.1.1}{\376\377\000I\000P\000F\000I\000M\000\040\000s\000t\000r\000u\000c\000t\000u\000r\000e}{section.3.1}% \@@number {11}
\BOOKMARK [2][-]{subsection.3.1.2}{\376\377\000C\000o\000r\000r\000e\000c\000t\000n\000e\000s\000s}{section.3.1}% \@@number {12}
\BOOKMARK [1][-]{section.3.2}{\376\377\000E\000x\000p\000e\000r\000i\000m\000e\000n\000t\000s\000\040\000a\000n\000d\000\040\000R\000e\000s\000u\000l\000t\000s}{chapter.3}% \@@number {13}
\BOOKMARK [2][-]{subsection.3.2.1}{\376\377\000I\000P\000F\000I\000M\000\040\000v\000s\000\040\000P\000F\000P}{section.3.2}% \@@number {14}
\BOOKMARK [2][-]{subsection.3.2.2}{\376\377\000I\000P\000F\000I\000M\000\040\000v\000s\000\040\000C\000a\000n\000T\000r\000e\000e}{section.3.2}% \@@number {15}
\BOOKMARK [1][-]{section.3.3}{\376\377\000D\000i\000s\000c\000u\000s\000s\000i\000o\000n}{chapter.3}% \@@number {16}
\BOOKMARK [2][-]{subsection.3.3.1}{\376\377\000P\000F\000P\000\040\000V\000S\000\040\000I\000P\000F\000I\000M}{section.3.3}% \@@number {17}
\BOOKMARK [2][-]{subsection.3.3.2}{\376\377\000C\000a\000n\000T\000r\000e\000e\000\040\000V\000S\000\040\000I\000P\000F\000I\000M}{section.3.3}% \@@number {18}
\BOOKMARK [1][-]{section.3.4}{\376\377\000I\000m\000p\000r\000o\000v\000e\000m\000e\000n\000t\000s}{chapter.3}% \@@number {19}
\BOOKMARK [2][-]{subsection.3.4.1}{\376\377\000I\000P\000F\000I\000M\000\040\000I\000m\000p\000r\000o\000v\000e\000d\000\040\000v\000s\000\040\000I\000P\000F\000I\000M\000\040\000-\000\040\000C\000o\000m\000p\000u\000t\000a\000t\000i\000o\000n}{section.3.4}% \@@number {20}
\BOOKMARK [2][-]{subsection.3.4.2}{\376\377\000I\000P\000F\000I\000M\000\040\000I\000m\000p\000r\000o\000v\000e\000d\000\040\000v\000s\000\040\000I\000P\000F\000I\000M\000\040\000-\000\040\000M\000e\000m\000o\000r\000y}{section.3.4}% \@@number {21}
\BOOKMARK [0][-]{chapter.4}{\376\377\000C\000o\000n\000c\000l\000u\000s\000i\000o\000n}{}% \@@number {22}
\BOOKMARK [1][-]{section.4.1}{\376\377\000C\000o\000n\000c\000l\000u\000s\000i\000o\000n\000s}{chapter.4}% \@@number {23}
