\BOOKMARK [1][-]{section*.1}{\376\377\000A\000b\000s\000t\000r\000a\000c\000t}{}% 1
\BOOKMARK [1][-]{section.1}{\376\377\0001\000\040\000I\000n\000t\000r\000o\000d\000u\000c\000t\000i\000o\000n\000\040\000-\000\040\000A\000d\000d\000\040\000f\000o\000r\000m\000a\000l\000\040\000d\000e\000f\000i\000n\000i\000t\000i\000o\000n\000s\000\040\000o\000f\000\040\000F\000I\000S\000\040\000e\000t\000c\000.\000.\000.\000\040\000a\000d\000d\000\040\000m\000o\000r\000e\000\040\000a\000b\000o\000u\000t\000\040\000t\000h\000e\000\040\000i\000s\000s\000u\000e}{}% 2
\BOOKMARK [1][-]{section.2}{\376\377\0002\000\040\000R\000E\000L\000A\000T\000E\000D\000\040\000W\000O\000R\000K\000\040\000-\000\040\000A\000d\000d\000\040\000m\000o\000r\000e\000\040\000a\000b\000o\000u\000t\000\040\000F\000P\000\040\000a\000n\000d\000\040\000A\000p\000r\000i\000o\000r\000i\000\040\000d\000a\000t\000a}{}% 3
\BOOKMARK [1][-]{section.3}{\376\377\0003\000\040\000B\000a\000c\000k\000g\000r\000o\000u\000n\000d\000\040\000-\000\040\000N\000e\000e\000d\000\040\000t\000o\000\040\000p\000o\000l\000i\000s\000h\000\040\000m\000o\000r\000e\000,\000\040\000m\000a\000y\000b\000e\000\040\000e\000l\000a\000b\000o\000r\000a\000t\000e\000\040\000a\000b\000o\000u\000t\000\040\000t\000h\000e\000\040\000o\000t\000h\000e\000r\000\040\000a\000l\000g\000o\000s\000?\000\040\000N\000e\000e\000d\000\040\000t\000o\000\040\000a\000d\000d\000\040\000m\000u\000c\000h\000\040\000m\000o\000r\000e\000\040\000a\000b\000o\000u\000t\000\040\000t\000h\000e\000\040\000d\000i\000l\000e\000m\000a\000s\000\040\000a\000n\000d\000\040\000a\000l\000l\000\040\000t\000h\000e\000\040\000t\000h\000e\000o\000r\000y\000\040\000o\000f\000\040\000w\000h\000y\000\040\000I\000\040\000c\000h\000o\000o\000s\000e\000\040\000t\000o\000\040\000d\000o\000\040\000t\000h\000i\000s\000\040\000w\000o\000r\000k}{}% 4
\BOOKMARK [2][-]{subsection.3.1}{\376\377\0003\000.\0001\000\040\000I\000n\000c\000r\000e\000m\000e\000n\000t\000a\000l\000\040\000F\000r\000e\000q\000u\000e\000n\000t\000\040\000I\000t\000e\000m\000s\000e\000t\000s\000\040\000M\000i\000n\000i\000n\000g}{section.3}% 5
\BOOKMARK [2][-]{subsection.3.2}{\376\377\0003\000.\0002\000\040\000P\000a\000r\000a\000l\000l\000e\000l\000\040\000F\000r\000e\000q\000u\000e\000n\000t\000\040\000I\000t\000e\000m\000s\000e\000t\000s\000\040\000m\000i\000n\000i\000n\000g}{section.3}% 6
\BOOKMARK [2][-]{subsection.3.3}{\376\377\0003\000.\0003\000\040\000I\000n\000c\000r\000e\000m\000e\000n\000t\000a\000l\000\040\000a\000n\000d\000\040\000P\000a\000r\000a\000l\000l\000e\000l\000\040\000F\000r\000e\000q\000u\000e\000n\000t\000\040\000i\000t\000e\000m\000s\000e\000t\000s\000\040\000m\000i\000n\000i\000n\000g}{section.3}% 7
\BOOKMARK [2][-]{subsection.3.4}{\376\377\0003\000.\0004\000\040\000S\000o\000n\000g\000\040\000e\000t\000\040\000a\000l\000.\000\040}{section.3}% 8
\BOOKMARK [1][-]{section.4}{\376\377\0004\000\040\000I\000P\000F\000I\000M\000\040\000-\000\040\000I\000n\000c\000r\000e\000m\000e\000n\000t\000a\000l\000\040\000P\000a\000r\000a\000l\000l\000e\000l\000\040\000F\000r\000e\000q\000u\000e\000n\000t\000\040\000I\000t\000e\000m\000s\000e\000t\000s\000\040\000M\000i\000n\000i\000n\000g}{}% 9
\BOOKMARK [2][-]{subsection.4.1}{\376\377\0004\000.\0001\000\040\000I\000P\000F\000I\000M\000\040\000O\000u\000t\000l\000i\000n\000e}{section.4}% 10
\BOOKMARK [2][-]{subsection.4.2}{\376\377\0004\000.\0002\000\040\000I\000P\000F\000I\000M\000\040\000s\000t\000r\000u\000c\000t\000u\000r\000e}{section.4}% 11
\BOOKMARK [2][-]{subsection.4.3}{\376\377\0004\000.\0003\000\040\000C\000o\000r\000r\000e\000c\000t\000n\000e\000s\000s}{section.4}% 12
\BOOKMARK [1][-]{section.5}{\376\377\0005\000\040\000E\000x\000p\000e\000r\000i\000m\000e\000n\000t\000s\000\040\000a\000n\000d\000\040\000R\000e\000s\000u\000l\000t\000s\000\040\000-\000\040\000N\000e\000e\000d\000\040\000t\000o\000\040\000a\000d\000d\000\040\000c\000o\000m\000p\000a\000r\000i\000s\000o\000n\000\040\000t\000o\000\040\000S\000o\000n\000g\000\040\000a\000n\000d\000\040\000S\000e\000t\000\040\000c\000o\000v\000e\000r}{}% 13
\BOOKMARK [2][-]{subsection.5.1}{\376\377\0005\000.\0001\000\040\000I\000n\000f\000r\000a\000s\000t\000r\000u\000c\000t\000u\000r\000e}{section.5}% 14
\BOOKMARK [2][-]{subsection.5.2}{\376\377\0005\000.\0002\000\040\000D\000a\000t\000a\000s\000e\000t\000s}{section.5}% 15
\BOOKMARK [2][-]{subsection.5.3}{\376\377\0005\000.\0003\000\040\000I\000P\000F\000I\000M\000\040\000v\000s\000\040\000P\000F\000P}{section.5}% 16
\BOOKMARK [2][-]{subsection.5.4}{\376\377\0005\000.\0004\000\040\000I\000P\000F\000I\000M\000\040\000v\000s\000\040\000C\000a\000n\000T\000r\000e\000e}{section.5}% 17
\BOOKMARK [1][-]{section.6}{\376\377\0006\000\040\000I\000m\000p\000r\000o\000v\000e\000m\000e\000n\000t\000s}{}% 18
\BOOKMARK [2][-]{subsection.6.1}{\376\377\0006\000.\0001\000\040\000I\000P\000F\000I\000M\000\040\000I\000m\000p\000r\000o\000v\000e\000d\000\040\000v\000s\000\040\000I\000P\000F\000I\000M\000\040\000-\000\040\000C\000o\000m\000p\000u\000t\000a\000t\000i\000o\000n}{section.6}% 19
\BOOKMARK [2][-]{subsection.6.2}{\376\377\0006\000.\0002\000\040\000I\000P\000F\000I\000M\000\040\000I\000m\000p\000r\000o\000v\000e\000d\000\040\000v\000s\000\040\000I\000P\000F\000I\000M\000\040\000-\000\040\000M\000e\000m\000o\000r\000y}{section.6}% 20
\BOOKMARK [1][-]{section.7}{\376\377\0007\000\040\000C\000o\000n\000c\000l\000u\000s\000i\000o\000n\000s}{}% 21
\BOOKMARK [1][-]{section*.12}{\376\377\000A\000c\000k\000n\000o\000w\000l\000e\000d\000g\000m\000e\000n\000t\000s}{}% 22
\BOOKMARK [1][-]{section*.14}{\376\377\000R\000e\000f\000e\000r\000e\000n\000c\000e\000s}{}% 23
